generating xml from sqlite
gc__cargo_coarsePiles__challenge01_0s_1913 timedout
gc__cargo_coarsePiles__challenge04_1s_626 timedout
gc__cargo_coarsePiles__challenge06_1s_3927 timedout
gc__cargo_coarsePiles__challenge07_1s_133 timedout
gc__cargo_coarsePiles__challenge08_222f_3475 timedout
gc__cargo_coarsePiles__challenge09_1s_18_OPT timedout
gc__cargo_coarsePiles__challenge10_15966f_2060 timedout
gc__cargo_coarsePiles__challenge16_10720f_4243 timedout
generating xml from sqlite
gc__cargo_coarsePiles__challenge01_0s_1913 timedout
gc__cargo_coarsePiles__challenge04_1s_626 timedout
gc__cargo_coarsePiles__challenge06_1s_3927 timedout
gc__cargo_coarsePiles__challenge07_1s_133 timedout
gc__cargo_coarsePiles__challenge08_222f_3475 timedout
gc__cargo_coarsePiles__challenge09_1s_18_OPT timedout
gc__cargo_coarsePiles__challenge10_15966f_2060 timedout
gc__cargo_coarsePiles__challenge16_10720f_4243 timedout
gc__cars__cars_10_93 timedout
gc__cars__cars_16_81 timedout
gc__cars__cars_19_71 timedout
gc__cars__cars_21_90 timedout
gc__cars__cars_36_92 timedout
gc__cars__cars_41_66 timedout
gc__cars__cars_4_72 timedout
gc__cars__cars_60_01 timedout
gc__cars__cars_60_02 timedout
gc__cc_base__mzn_rnd_test.01 timedout
gc__cc_base__mzn_rnd_test.02 timedout
gc__cc_base__mzn_rnd_test.03 timedout
gc__cc_base__mzn_rnd_test.04 timedout
gc__cc_base__mzn_rnd_test.05 timedout
gc__cc_base__mzn_rnd_test.06 timedout
gc__cc_base__mzn_rnd_test.07 timedout
gc__cc_base__mzn_rnd_test.08 timedout
gc__cc_base__mzn_rnd_test.09 timedout
gc__cc_base__mzn_rnd_test.10 timedout
gc__community-detection__Sampson.s10.k3 timedout
gc__community-detection__Sampson.s20.k4 timedout
gc__community-detection__Strike.s2.k8 timedout
gc__community-detection__Strike.s6.k5 timedout
gc__community-detection__mexican.s26.k4 timedout
gc__debruijn_binary__02_07 timedout
gc__debruijn_binary__02_08 timedout
gc__debruijn_binary__02_09 timedout
gc__debruijn_binary__02_10 timedout
gc__debruijn_binary__03_07 timedout
gc__debruijn_binary__03_08 timedout
gc__debruijn_binary__04_06 timedout
gc__debruijn_binary__04_07 timedout
gc__depot_placement__a280_4 timedout
gc__depot_placement__a280_5 timedout
gc__depot_placement__a280_6 timedout
gc__depot_placement__att48_4 timedout
gc__depot_placement__att48_5 timedout
gc__depot_placement__att48_6 timedout
gc__depot_placement__rat99_4 timedout
gc__depot_placement__rat99_5 timedout
gc__depot_placement__rat99_6 timedout
gc__depot_placement__st70_4 timedout
gc__evilshop__js-brs2-5 timedout
gc__evilshop__js-brs2-6 timedout
gc__evilshop__js-brs2-7 timedout
gc__evilshop__js-ges1-4 timedout
gc__evilshop__js-ges1-5 timedout
gc__evilshop__js-setf1-10 timedout
gc__evilshop__js-setf1-5 timedout
gc__evilshop__js-setf1-7 timedout
gc__evilshop__js-setf1-8 timedout
generating xml from sqlite
gc__evilshop__js-setf3-10 timedout
gc__fastfood__ff10 timedout
gc__fastfood__ff11 timedout
/Users/grace.han/Documents/University/sem2/res/28789946_RESEARCH_NOTEBOOK/autocsp/out/gc__fastfood__ff12.xml
gc__fastfood__ff12 timedout
/Users/grace.han/Documents/University/sem2/res/28789946_RESEARCH_NOTEBOOK/autocsp/out/gc__fastfood__ff13.xml
/Users/grace.han/Documents/University/sem2/res/28789946_RESEARCH_NOTEBOOK/autocsp/out/gc__fastfood__ff14.xml
/Users/grace.han/Documents/University/sem2/res/28789946_RESEARCH_NOTEBOOK/autocsp/out/gc__fastfood__ff15.xml
gc__fastfood__ff16 timedout
gc__fastfood__ff17 timedout
gc__fastfood__ff18 timedout
gc__gfd-schedule2__n120f5d50m50k20 timedout
gc__gfd-schedule2__n180f7d50m30k18 timedout
gc__gfd-schedule2__n30f3d30m7k4 timedout
gc__gfd-schedule2__n35f5d20m10k3 timedout
gc__gfd-schedule2__n50f7d40m10k4 timedout
gc__gfd-schedule2__n55f2d50m30k3 timedout
gc__gfd-schedule2__n60f7d50m30k10 timedout
gc__gfd-schedule2__n75f5d30m20k20 timedout
gc__handball__handball11 timedout
gc__handball__handball12 timedout
gc__handball__handball13 timedout
gc__handball__handball14 timedout
gc__handball__handball17 timedout
gc__handball__handball19 timedout
gc__handball__handball20 timedout
gc__handball__handball3 timedout
gc__handball__handball5 timedout
gc__handball__handball7 timedout
gc__rcmsp__easy_1 timedout
gc__rcmsp__easy_2 timedout
gc__rcmsp__easy_3 timedout
gc__rcmsp__easy_4 timedout
gc__rcmsp__easy_5 timedout
gc__rcmsp__easy_6 timedout
gc__rcmsp__hard_1 timedout
gc__rcmsp__hard_10 timedout
gc__rcmsp__hard_11 timedout
gc__rcmsp__hard_2 timedout
/Users/grace.han/Documents/University/sem2/res/28789946_RESEARCH_NOTEBOOK/autocsp/out/std__alpha.xml
std__community-detection__mexican.s26.k4 timedout
std__cvrp__simple2 timedout
sonification in progress!
gc__2DLevelPacking__class_10__Class10_100_1
/Users/grace.han/Documents/University/sem2/res/28789946_RESEARCH_NOTEBOOK/autocsp/out/gc__2DLevelPacking__class_10__Class10_100_1.xml
Exception in thread "main" java.lang.OutOfMemoryError: Java heap space
	at maocsp.Handler.<init>(Handler.java:44)
	at maocsp.Main.main(Main.java:155)
gc__2DLevelPacking__class_10__Class10_100_10
/Users/grace.han/Documents/University/sem2/res/28789946_RESEARCH_NOTEBOOK/autocsp/out/gc__2DLevelPacking__class_10__Class10_100_10.xml
Debut du document
Hop ! Fini !
gc__2DLevelPacking__class_10__Class10_100_2
/Users/grace.han/Documents/University/sem2/res/28789946_RESEARCH_NOTEBOOK/autocsp/out/gc__2DLevelPacking__class_10__Class10_100_2.xml
Exception in thread "main" java.lang.OutOfMemoryError: Java heap space
	at maocsp.Handler.<init>(Handler.java:44)
	at maocsp.Main.main(Main.java:155)
gc__2DLevelPacking__class_10__Class10_100_3
/Users/grace.han/Documents/University/sem2/res/28789946_RESEARCH_NOTEBOOK/autocsp/out/gc__2DLevelPacking__class_10__Class10_100_3.xml
Debut du document
gc__cargo_coarsePiles__challenge01_0s_1913 timedout
Hop ! Fini !
gc__2DLevelPacking__class_10__Class10_100_4
/Users/grace.han/Documents/University/sem2/res/28789946_RESEARCH_NOTEBOOK/autocsp/out/gc__2DLevelPacking__class_10__Class10_100_4.xml
Debut du document
Hop ! Fini !
gc__2DLevelPacking__class_10__Class10_100_5
/Users/grace.han/Documents/University/sem2/res/28789946_RESEARCH_NOTEBOOK/autocsp/out/gc__2DLevelPacking__class_10__Class10_100_5.xml
Exception in thread "main" java.lang.OutOfMemoryError: Java heap space
	at maocsp.Handler.<init>(Handler.java:44)
	at maocsp.Main.main(Main.java:155)
gc__2DLevelPacking__class_10__Class10_100_6
/Users/grace.han/Documents/University/sem2/res/28789946_RESEARCH_NOTEBOOK/autocsp/out/gc__2DLevelPacking__class_10__Class10_100_6.xml
Exception in thread "main" java.lang.OutOfMemoryError: Java heap space
	at maocsp.Handler.<init>(Handler.java:44)
	at maocsp.Main.main(Main.java:155)
gc__2DLevelPacking__class_10__Class10_100_7
/Users/grace.han/Documents/University/sem2/res/28789946_RESEARCH_NOTEBOOK/autocsp/out/gc__2DLevelPacking__class_10__Class10_100_7.xml
Debut du document
gc__cargo_coarsePiles__challenge04_1s_626 timedout
Hop ! Fini !
gc__2DLevelPacking__class_10__Class10_100_8
/Users/grace.han/Documents/University/sem2/res/28789946_RESEARCH_NOTEBOOK/autocsp/out/gc__2DLevelPacking__class_10__Class10_100_8.xml
Exception in thread "main" java.lang.OutOfMemoryError: Java heap space
	at maocsp.Handler.<init>(Handler.java:44)
	at maocsp.Main.main(Main.java:155)
gc__2DLevelPacking__class_10__Class10_100_9
/Users/grace.han/Documents/University/sem2/res/28789946_RESEARCH_NOTEBOOK/autocsp/out/gc__2DLevelPacking__class_10__Class10_100_9.xml
Debut du document
gc__cargo_coarsePiles__challenge06_1s_3927 timedout
gc__cargo_coarsePiles__challenge07_1s_133 timedout
gc__cargo_coarsePiles__challenge08_222f_3475 timedout
/Users/grace.han/Documents/University/sem2/res/28789946_RESEARCH_NOTEBOOK/autocsp/out/gc__cargo_coarsePiles__challenge09_1s_18_OPT.xml
Traceback (most recent call last):
  File "/Users/grace.han/Documents/University/sem2/res/28789946_RESEARCH_NOTEBOOK/convertor/generate.py", line 177, in <module>
    out.write(prettify(top))
OSError: [Errno 22] Invalid argument
gc__cargo_coarsePiles__challenge09_1s_18_OPT timedout
gc__cargo_coarsePiles__challenge10_15966f_2060 timedout
gc__cargo_coarsePiles__challenge16_10720f_4243 timedout
gc__cars__cars_10_93 timedout
gc__cars__cars_16_81 timedout
Hop ! Fini !
gc__alpha
/Users/grace.han/Documents/University/sem2/res/28789946_RESEARCH_NOTEBOOK/autocsp/out/gc__alpha.xml
Debut du document
Hop ! Fini !
gc__amaze2__2012-03-07
/Users/grace.han/Documents/University/sem2/res/28789946_RESEARCH_NOTEBOOK/autocsp/out/gc__amaze2__2012-03-07.xml
Debut du document
Hop ! Fini !
gc__amaze2__2012-03-08
/Users/grace.han/Documents/University/sem2/res/28789946_RESEARCH_NOTEBOOK/autocsp/out/gc__amaze2__2012-03-08.xml
Debut du document
Hop ! Fini !
gc__amaze2__2012-03-09
/Users/grace.han/Documents/University/sem2/res/28789946_RESEARCH_NOTEBOOK/autocsp/out/gc__amaze2__2012-03-09.xml
Debut du document
Hop ! Fini !
gc__amaze2__2012-03-14
/Users/grace.han/Documents/University/sem2/res/28789946_RESEARCH_NOTEBOOK/autocsp/out/gc__amaze2__2012-03-14.xml
Exception in thread "main" java.lang.OutOfMemoryError: Java heap space
	at maocsp.Handler.<init>(Handler.java:44)
	at maocsp.Main.main(Main.java:155)
gc__amaze2__2012-03-15
/Users/grace.han/Documents/University/sem2/res/28789946_RESEARCH_NOTEBOOK/autocsp/out/gc__amaze2__2012-03-15.xml
Debut du document
gc__cars__cars_19_71 timedout
Hop ! Fini !
gc__amaze2__2012-03-19
/Users/grace.han/Documents/University/sem2/res/28789946_RESEARCH_NOTEBOOK/autocsp/out/gc__amaze2__2012-03-19.xml
Exception in thread "main" java.lang.OutOfMemoryError: Java heap space
	at maocsp.Handler.<init>(Handler.java:44)
	at maocsp.Main.main(Main.java:155)
gc__amaze2__2012-03-29
/Users/grace.han/Documents/University/sem2/res/28789946_RESEARCH_NOTEBOOK/autocsp/out/gc__amaze2__2012-03-29.xml
Debut du document
Hop ! Fini !
gc__amaze2__2012-04-03
/Users/grace.han/Documents/University/sem2/res/28789946_RESEARCH_NOTEBOOK/autocsp/out/gc__amaze2__2012-04-03.xml
Debut du document
Hop ! Fini !
gc__amaze2__2012-04-05
/Users/grace.han/Documents/University/sem2/res/28789946_RESEARCH_NOTEBOOK/autocsp/out/gc__amaze2__2012-04-05.xml
Debut du document
Hop ! Fini !
gc__amaze2__2012-04-12
/Users/grace.han/Documents/University/sem2/res/28789946_RESEARCH_NOTEBOOK/autocsp/out/gc__amaze2__2012-04-12.xml
Debut du document
Hop ! Fini !
gc__debruijn_binary__02_07
/Users/grace.han/Documents/University/sem2/res/28789946_RESEARCH_NOTEBOOK/autocsp/out/gc__debruijn_binary__02_07.xml
org.xml.sax.SAXParseException; systemId: file:/Users/grace.han/Documents/University/sem2/res/28789946_RESEARCH_NOTEBOOK/autocsp/out/gc__debruijn_binary__02_07.xml; lineNumber: 1; columnNumber: 1; Premature end of file.
Oups... Le XML n' tait pas bon...
gc__depot_placement__a280_4
/Users/grace.han/Documents/University/sem2/res/28789946_RESEARCH_NOTEBOOK/autocsp/out/gc__depot_placement__a280_4.xml
org.xml.sax.SAXParseException; systemId: file:/Users/grace.han/Documents/University/sem2/res/28789946_RESEARCH_NOTEBOOK/autocsp/out/gc__depot_placement__a280_4.xml; lineNumber: 1; columnNumber: 1; Premature end of file.
Oups... Le XML n' tait pas bon...
gc__fastfood__ff12
/Users/grace.han/Documents/University/sem2/res/28789946_RESEARCH_NOTEBOOK/autocsp/out/gc__fastfood__ff12.xml
Debut du document
Hop ! Fini !
gc__fastfood__ff13
/Users/grace.han/Documents/University/sem2/res/28789946_RESEARCH_NOTEBOOK/autocsp/out/gc__fastfood__ff13.xml
Debut du document
Hop ! Fini !
gc__fastfood__ff14
/Users/grace.han/Documents/University/sem2/res/28789946_RESEARCH_NOTEBOOK/autocsp/out/gc__fastfood__ff14.xml
Debut du document
Hop ! Fini !
gc__fastfood__ff15
/Users/grace.han/Documents/University/sem2/res/28789946_RESEARCH_NOTEBOOK/autocsp/out/gc__fastfood__ff15.xml
Debut du document
Hop ! Fini !
nqueen_8_gecode_firstfail
/Users/grace.han/Documents/University/sem2/res/28789946_RESEARCH_NOTEBOOK/autocsp/out/nqueen_8_gecode_firstfail.xml
Debut du document
Hop ! Fini !
nqueen_8_gecode_inorder
/Users/grace.han/Documents/University/sem2/res/28789946_RESEARCH_NOTEBOOK/autocsp/out/nqueen_8_gecode_inorder.xml
Debut du document
Hop ! Fini !
nqueens_5_gecode_gecode_firstfail
/Users/grace.han/Documents/University/sem2/res/28789946_RESEARCH_NOTEBOOK/autocsp/out/nqueens_5_gecode_gecode_firstfail.xml
Debut du document
Hop ! Fini !
nqueens_5_gecode_gecode_inorder
/Users/grace.han/Documents/University/sem2/res/28789946_RESEARCH_NOTEBOOK/autocsp/out/nqueens_5_gecode_gecode_inorder.xml
Debut du document
Hop ! Fini !
nqueens_5_gecode_stdlib_firstfail
/Users/grace.han/Documents/University/sem2/res/28789946_RESEARCH_NOTEBOOK/autocsp/out/nqueens_5_gecode_stdlib_firstfail.xml
Debut du document
Hop ! Fini !
nqueens_5_gecode_stdlib_inorder
/Users/grace.han/Documents/University/sem2/res/28789946_RESEARCH_NOTEBOOK/autocsp/out/nqueens_5_gecode_stdlib_inorder.xml
Debut du document
Hop ! Fini !
std__alpha
/Users/grace.han/Documents/University/sem2/res/28789946_RESEARCH_NOTEBOOK/autocsp/out/std__alpha.xml
Debut du document
Hop ! Fini !
sudoku_gecode_gecode_firstfail
/Users/grace.han/Documents/University/sem2/res/28789946_RESEARCH_NOTEBOOK/autocsp/out/sudoku_gecode_gecode_firstfail.xml
Debut du document
Hop ! Fini !
sudoku_gecode_gecode_inorder
/Users/grace.han/Documents/University/sem2/res/28789946_RESEARCH_NOTEBOOK/autocsp/out/sudoku_gecode_gecode_inorder.xml
Debut du document
Hop ! Fini !
sudoku_gecode_stdlib_firstfail
/Users/grace.han/Documents/University/sem2/res/28789946_RESEARCH_NOTEBOOK/autocsp/out/sudoku_gecode_stdlib_firstfail.xml
Debut du document
Hop ! Fini !
sudoku_gecode_stdlib_inorder
/Users/grace.han/Documents/University/sem2/res/28789946_RESEARCH_NOTEBOOK/autocsp/out/sudoku_gecode_stdlib_inorder.xml
org.xml.sax.SAXParseException; systemId: file:/Users/grace.han/Documents/University/sem2/res/28789946_RESEARCH_NOTEBOOK/autocsp/out/sudoku_gecode_stdlib_inorder.xml; lineNumber: 1; columnNumber: 1; Premature end of file.
Oups... Le XML n' tait pas bon...
gc__cars__cars_21_90 timedout
gc__cars__cars_36_92 timedout
gc__cars__cars_41_66 timedout
gc__cars__cars_4_72 timedout
/Users/grace.han/Documents/University/sem2/res/28789946_RESEARCH_NOTEBOOK/autocsp/out/gc__cars__cars_60_01.xml
gc__cars__cars_60_01 timedout
/Users/grace.han/Documents/University/sem2/res/28789946_RESEARCH_NOTEBOOK/autocsp/out/gc__cars__cars_60_02.xml
gc__cars__cars_60_02 timedout
/Users/grace.han/Documents/University/sem2/res/28789946_RESEARCH_NOTEBOOK/autocsp/out/gc__cc_base__mzn_rnd_test.01.xml
/Users/grace.han/Documents/University/sem2/res/28789946_RESEARCH_NOTEBOOK/autocsp/out/gc__cc_base__mzn_rnd_test.02.xml
/Users/grace.han/Documents/University/sem2/res/28789946_RESEARCH_NOTEBOOK/autocsp/out/gc__cc_base__mzn_rnd_test.03.xml
/Users/grace.han/Documents/University/sem2/res/28789946_RESEARCH_NOTEBOOK/autocsp/out/gc__cc_base__mzn_rnd_test.04.xml
/Users/grace.han/Documents/University/sem2/res/28789946_RESEARCH_NOTEBOOK/autocsp/out/gc__cc_base__mzn_rnd_test.05.xml
/Users/grace.han/Documents/University/sem2/res/28789946_RESEARCH_NOTEBOOK/autocsp/out/gc__cc_base__mzn_rnd_test.06.xml
/Users/grace.han/Documents/University/sem2/res/28789946_RESEARCH_NOTEBOOK/autocsp/out/gc__cc_base__mzn_rnd_test.07.xml
/Users/grace.han/Documents/University/sem2/res/28789946_RESEARCH_NOTEBOOK/autocsp/out/gc__cc_base__mzn_rnd_test.08.xml
/Users/grace.han/Documents/University/sem2/res/28789946_RESEARCH_NOTEBOOK/autocsp/out/gc__cc_base__mzn_rnd_test.09.xml
/Users/grace.han/Documents/University/sem2/res/28789946_RESEARCH_NOTEBOOK/autocsp/out/gc__cc_base__mzn_rnd_test.10.xml
/Users/grace.han/Documents/University/sem2/res/28789946_RESEARCH_NOTEBOOK/autocsp/out/gc__community-detection__Sampson.s10.k3.xml
/Users/grace.han/Documents/University/sem2/res/28789946_RESEARCH_NOTEBOOK/autocsp/out/gc__community-detection__Sampson.s20.k4.xml
/Users/grace.han/Documents/University/sem2/res/28789946_RESEARCH_NOTEBOOK/autocsp/out/gc__community-detection__Strike.s2.k8.xml
/Users/grace.han/Documents/University/sem2/res/28789946_RESEARCH_NOTEBOOK/autocsp/out/gc__community-detection__Strike.s6.k5.xml
/Users/grace.han/Documents/University/sem2/res/28789946_RESEARCH_NOTEBOOK/autocsp/out/gc__community-detection__mexican.s26.k4.xml
/Users/grace.han/Documents/University/sem2/res/28789946_RESEARCH_NOTEBOOK/autocsp/out/gc__debruijn_binary__02_07.xml
/Users/grace.han/Documents/University/sem2/res/28789946_RESEARCH_NOTEBOOK/autocsp/out/gc__debruijn_binary__02_08.xml
/Users/grace.han/Documents/University/sem2/res/28789946_RESEARCH_NOTEBOOK/autocsp/out/gc__debruijn_binary__02_09.xml
/Users/grace.han/Documents/University/sem2/res/28789946_RESEARCH_NOTEBOOK/autocsp/out/gc__debruijn_binary__02_10.xml
/Users/grace.han/Documents/University/sem2/res/28789946_RESEARCH_NOTEBOOK/autocsp/out/gc__debruijn_binary__03_07.xml
Traceback (most recent call last):
  File "/Users/grace.han/Documents/University/sem2/res/28789946_RESEARCH_NOTEBOOK/convertor/generate.py", line 177, in <module>
    out.write(prettify(top))
OSError: [Errno 22] Invalid argument
gc__debruijn_binary__03_07 timedout
gc__debruijn_binary__03_08 timedout
gc__debruijn_binary__04_06 timedout
gc__debruijn_binary__04_07 timedout
/Users/grace.han/Documents/University/sem2/res/28789946_RESEARCH_NOTEBOOK/autocsp/out/gc__depot_placement__a280_4.xml
/Users/grace.han/Documents/University/sem2/res/28789946_RESEARCH_NOTEBOOK/autocsp/out/gc__depot_placement__a280_5.xml
/Users/grace.han/Documents/University/sem2/res/28789946_RESEARCH_NOTEBOOK/autocsp/out/gc__depot_placement__a280_6.xml
/Users/grace.han/Documents/University/sem2/res/28789946_RESEARCH_NOTEBOOK/autocsp/out/gc__depot_placement__att48_4.xml
Traceback (most recent call last):
  File "/Users/grace.han/Documents/University/sem2/res/28789946_RESEARCH_NOTEBOOK/convertor/generate.py", line 177, in <module>
    out.write(prettify(top))
OSError: [Errno 22] Invalid argument
gc__depot_placement__att48_4 timedout
/Users/grace.han/Documents/University/sem2/res/28789946_RESEARCH_NOTEBOOK/autocsp/out/gc__depot_placement__att48_5.xml
Traceback (most recent call last):
  File "/Users/grace.han/Documents/University/sem2/res/28789946_RESEARCH_NOTEBOOK/convertor/generate.py", line 177, in <module>
    out.write(prettify(top))
OSError: [Errno 22] Invalid argument
gc__depot_placement__att48_5 timedout
gc__depot_placement__att48_6 timedout
/Users/grace.han/Documents/University/sem2/res/28789946_RESEARCH_NOTEBOOK/autocsp/out/gc__depot_placement__rat99_4.xml
/Users/grace.han/Documents/University/sem2/res/28789946_RESEARCH_NOTEBOOK/autocsp/out/gc__depot_placement__rat99_5.xml
/Users/grace.han/Documents/University/sem2/res/28789946_RESEARCH_NOTEBOOK/autocsp/out/gc__depot_placement__rat99_6.xml
/Users/grace.han/Documents/University/sem2/res/28789946_RESEARCH_NOTEBOOK/autocsp/out/gc__depot_placement__st70_4.xml
gc__evilshop__js-brs2-5 timedout
gc__evilshop__js-brs2-6 timedout
gc__evilshop__js-brs2-7 timedout
gc__evilshop__js-ges1-4 timedout
gc__evilshop__js-ges1-5 timedout
gc__evilshop__js-setf1-10 timedout
gc__evilshop__js-setf1-5 timedout
gc__evilshop__js-setf1-7 timedout
gc__evilshop__js-setf1-8 timedout
gc__evilshop__js-setf3-10 timedout
/Users/grace.han/Documents/University/sem2/res/28789946_RESEARCH_NOTEBOOK/autocsp/out/gc__fastfood__ff10.xml
/Users/grace.han/Documents/University/sem2/res/28789946_RESEARCH_NOTEBOOK/autocsp/out/gc__fastfood__ff11.xml
/Users/grace.han/Documents/University/sem2/res/28789946_RESEARCH_NOTEBOOK/autocsp/out/gc__fastfood__ff12.xml
/Users/grace.han/Documents/University/sem2/res/28789946_RESEARCH_NOTEBOOK/autocsp/out/gc__fastfood__ff13.xml
/Users/grace.han/Documents/University/sem2/res/28789946_RESEARCH_NOTEBOOK/autocsp/out/gc__fastfood__ff14.xml
/Users/grace.han/Documents/University/sem2/res/28789946_RESEARCH_NOTEBOOK/autocsp/out/gc__fastfood__ff15.xml
/Users/grace.han/Documents/University/sem2/res/28789946_RESEARCH_NOTEBOOK/autocsp/out/gc__fastfood__ff16.xml
/Users/grace.han/Documents/University/sem2/res/28789946_RESEARCH_NOTEBOOK/autocsp/out/gc__fastfood__ff17.xml
/Users/grace.han/Documents/University/sem2/res/28789946_RESEARCH_NOTEBOOK/autocsp/out/gc__fastfood__ff18.xml
gc__gfd-schedule2__n120f5d50m50k20 timedout
gc__gfd-schedule2__n180f7d50m30k18 timedout
gc__gfd-schedule2__n30f3d30m7k4 timedout
gc__gfd-schedule2__n35f5d20m10k3 timedout
gc__gfd-schedule2__n50f7d40m10k4 timedout
gc__gfd-schedule2__n55f2d50m30k3 timedout
/Users/grace.han/Documents/University/sem2/res/28789946_RESEARCH_NOTEBOOK/autocsp/out/gc__gfd-schedule2__n60f7d50m30k10.xml
gc__gfd-schedule2__n60f7d50m30k10 timedout
gc__gfd-schedule2__n75f5d30m20k20 timedout
/Users/grace.han/Documents/University/sem2/res/28789946_RESEARCH_NOTEBOOK/autocsp/out/gc__handball__handball11.xml
/Users/grace.han/Documents/University/sem2/res/28789946_RESEARCH_NOTEBOOK/autocsp/out/gc__handball__handball12.xml
/Users/grace.han/Documents/University/sem2/res/28789946_RESEARCH_NOTEBOOK/autocsp/out/gc__handball__handball13.xml
/Users/grace.han/Documents/University/sem2/res/28789946_RESEARCH_NOTEBOOK/autocsp/out/gc__handball__handball14.xml
/Users/grace.han/Documents/University/sem2/res/28789946_RESEARCH_NOTEBOOK/autocsp/out/gc__handball__handball17.xml
/Users/grace.han/Documents/University/sem2/res/28789946_RESEARCH_NOTEBOOK/autocsp/out/gc__handball__handball19.xml
/Users/grace.han/Documents/University/sem2/res/28789946_RESEARCH_NOTEBOOK/autocsp/out/gc__handball__handball20.xml
/Users/grace.han/Documents/University/sem2/res/28789946_RESEARCH_NOTEBOOK/autocsp/out/gc__handball__handball3.xml
/Users/grace.han/Documents/University/sem2/res/28789946_RESEARCH_NOTEBOOK/autocsp/out/gc__handball__handball5.xml
/Users/grace.han/Documents/University/sem2/res/28789946_RESEARCH_NOTEBOOK/autocsp/out/gc__handball__handball7.xml
/Users/grace.han/Documents/University/sem2/res/28789946_RESEARCH_NOTEBOOK/autocsp/out/gc__rcmsp__easy_1.xml
/Users/grace.han/Documents/University/sem2/res/28789946_RESEARCH_NOTEBOOK/autocsp/out/gc__rcmsp__easy_2.xml
/Users/grace.han/Documents/University/sem2/res/28789946_RESEARCH_NOTEBOOK/autocsp/out/gc__rcmsp__easy_3.xml
/Users/grace.han/Documents/University/sem2/res/28789946_RESEARCH_NOTEBOOK/autocsp/out/gc__rcmsp__easy_4.xml
/Users/grace.han/Documents/University/sem2/res/28789946_RESEARCH_NOTEBOOK/autocsp/out/gc__rcmsp__easy_5.xml
/Users/grace.han/Documents/University/sem2/res/28789946_RESEARCH_NOTEBOOK/autocsp/out/gc__rcmsp__easy_6.xml
/Users/grace.han/Documents/University/sem2/res/28789946_RESEARCH_NOTEBOOK/autocsp/out/gc__rcmsp__hard_1.xml
/Users/grace.han/Documents/University/sem2/res/28789946_RESEARCH_NOTEBOOK/autocsp/out/gc__rcmsp__hard_10.xml
/Users/grace.han/Documents/University/sem2/res/28789946_RESEARCH_NOTEBOOK/autocsp/out/gc__rcmsp__hard_11.xml
/Users/grace.han/Documents/University/sem2/res/28789946_RESEARCH_NOTEBOOK/autocsp/out/gc__rcmsp__hard_2.xml
/Users/grace.han/Documents/University/sem2/res/28789946_RESEARCH_NOTEBOOK/autocsp/out/std__alpha.xml
/Users/grace.han/Documents/University/sem2/res/28789946_RESEARCH_NOTEBOOK/autocsp/out/std__community-detection__mexican.s26.k4.xml
/Users/grace.han/Documents/University/sem2/res/28789946_RESEARCH_NOTEBOOK/autocsp/out/std__cvrp__simple2.xml
sonification in progress!
gc__2DLevelPacking__class_10__Class10_100_1
/Users/grace.han/Documents/University/sem2/res/28789946_RESEARCH_NOTEBOOK/autocsp/out/gc__2DLevelPacking__class_10__Class10_100_1.xml
Exception in thread "main" java.lang.OutOfMemoryError: Java heap space
	at maocsp.Handler.<init>(Handler.java:44)
	at maocsp.Main.main(Main.java:155)
gc__2DLevelPacking__class_10__Class10_100_10
/Users/grace.han/Documents/University/sem2/res/28789946_RESEARCH_NOTEBOOK/autocsp/out/gc__2DLevelPacking__class_10__Class10_100_10.xml
Exception in thread "main" java.lang.OutOfMemoryError: Java heap space
	at maocsp.Handler.<init>(Handler.java:44)
	at maocsp.Main.main(Main.java:155)
gc__2DLevelPacking__class_10__Class10_100_2
/Users/grace.han/Documents/University/sem2/res/28789946_RESEARCH_NOTEBOOK/autocsp/out/gc__2DLevelPacking__class_10__Class10_100_2.xml
Exception in thread "main" java.lang.OutOfMemoryError: Java heap space
	at maocsp.Handler.<init>(Handler.java:44)
	at maocsp.Main.main(Main.java:155)
gc__2DLevelPacking__class_10__Class10_100_3
/Users/grace.han/Documents/University/sem2/res/28789946_RESEARCH_NOTEBOOK/autocsp/out/gc__2DLevelPacking__class_10__Class10_100_3.xml
Debut du document
Hop ! Fini !
gc__2DLevelPacking__class_10__Class10_100_4
/Users/grace.han/Documents/University/sem2/res/28789946_RESEARCH_NOTEBOOK/autocsp/out/gc__2DLevelPacking__class_10__Class10_100_4.xml
Debut du document
Hop ! Fini !
gc__2DLevelPacking__class_10__Class10_100_5
/Users/grace.han/Documents/University/sem2/res/28789946_RESEARCH_NOTEBOOK/autocsp/out/gc__2DLevelPacking__class_10__Class10_100_5.xml
Exception in thread "main" java.lang.OutOfMemoryError: Java heap space
	at maocsp.Handler.<init>(Handler.java:44)
	at maocsp.Main.main(Main.java:155)
gc__2DLevelPacking__class_10__Class10_100_6
/Users/grace.han/Documents/University/sem2/res/28789946_RESEARCH_NOTEBOOK/autocsp/out/gc__2DLevelPacking__class_10__Class10_100_6.xml
Exception in thread "main" java.lang.OutOfMemoryError: Java heap space
	at maocsp.Handler.<init>(Handler.java:44)
	at maocsp.Main.main(Main.java:155)
gc__2DLevelPacking__class_10__Class10_100_7
/Users/grace.han/Documents/University/sem2/res/28789946_RESEARCH_NOTEBOOK/autocsp/out/gc__2DLevelPacking__class_10__Class10_100_7.xml
Debut du document
Hop ! Fini !
gc__2DLevelPacking__class_10__Class10_100_8
/Users/grace.han/Documents/University/sem2/res/28789946_RESEARCH_NOTEBOOK/autocsp/out/gc__2DLevelPacking__class_10__Class10_100_8.xml
Exception in thread "main" java.lang.OutOfMemoryError: Java heap space
	at maocsp.Handler.<init>(Handler.java:44)
	at maocsp.Main.main(Main.java:155)
gc__2DLevelPacking__class_10__Class10_100_9
/Users/grace.han/Documents/University/sem2/res/28789946_RESEARCH_NOTEBOOK/autocsp/out/gc__2DLevelPacking__class_10__Class10_100_9.xml
Exception in thread "main" java.lang.OutOfMemoryError: Java heap space
	at maocsp.Handler.<init>(Handler.java:44)
	at maocsp.Main.main(Main.java:155)
gc__alpha
/Users/grace.han/Documents/University/sem2/res/28789946_RESEARCH_NOTEBOOK/autocsp/out/gc__alpha.xml
Debut du document
Hop ! Fini !
gc__amaze2__2012-03-07
/Users/grace.han/Documents/University/sem2/res/28789946_RESEARCH_NOTEBOOK/autocsp/out/gc__amaze2__2012-03-07.xml
Debut du document
Hop ! Fini !
gc__amaze2__2012-03-08
/Users/grace.han/Documents/University/sem2/res/28789946_RESEARCH_NOTEBOOK/autocsp/out/gc__amaze2__2012-03-08.xml
Debut du document
Hop ! Fini !
gc__amaze2__2012-03-09
/Users/grace.han/Documents/University/sem2/res/28789946_RESEARCH_NOTEBOOK/autocsp/out/gc__amaze2__2012-03-09.xml
Debut du document
Exception in thread "main" java.lang.OutOfMemoryError: Java heap space
	at com.sun.org.apache.xerces.internal.parsers.XML11Configuration.parse(XML11Configuration.java:842)
	at com.sun.org.apache.xerces.internal.parsers.XML11Configuration.parse(XML11Configuration.java:771)
	at com.sun.org.apache.xerces.internal.parsers.XMLParser.parse(XMLParser.java:141)
	at com.sun.org.apache.xerces.internal.parsers.AbstractSAXParser.parse(AbstractSAXParser.java:1213)
	at com.sun.org.apache.xerces.internal.jaxp.SAXParserImpl$JAXPSAXParser.parse(SAXParserImpl.java:643)
	at com.sun.org.apache.xerces.internal.jaxp.SAXParserImpl.parse(SAXParserImpl.java:327)
	at javax.xml.parsers.SAXParser.parse(SAXParser.java:328)
	at maocsp.Main.main(Main.java:157)
gc__amaze2__2012-03-14
/Users/grace.han/Documents/University/sem2/res/28789946_RESEARCH_NOTEBOOK/autocsp/out/gc__amaze2__2012-03-14.xml
Exception in thread "main" java.lang.OutOfMemoryError: Java heap space
	at maocsp.Handler.<init>(Handler.java:44)
	at maocsp.Main.main(Main.java:155)
gc__amaze2__2012-03-15
/Users/grace.han/Documents/University/sem2/res/28789946_RESEARCH_NOTEBOOK/autocsp/out/gc__amaze2__2012-03-15.xml
Debut du document
Hop ! Fini !
gc__amaze2__2012-03-19
/Users/grace.han/Documents/University/sem2/res/28789946_RESEARCH_NOTEBOOK/autocsp/out/gc__amaze2__2012-03-19.xml
Debut du document
Hop ! Fini !
gc__amaze2__2012-03-29
/Users/grace.han/Documents/University/sem2/res/28789946_RESEARCH_NOTEBOOK/autocsp/out/gc__amaze2__2012-03-29.xml
Debut du document
Hop ! Fini !
gc__amaze2__2012-04-03
/Users/grace.han/Documents/University/sem2/res/28789946_RESEARCH_NOTEBOOK/autocsp/out/gc__amaze2__2012-04-03.xml
Debut du document
Hop ! Fini !
gc__amaze2__2012-04-05
/Users/grace.han/Documents/University/sem2/res/28789946_RESEARCH_NOTEBOOK/autocsp/out/gc__amaze2__2012-04-05.xml
Debut du document
Hop ! Fini !
gc__amaze2__2012-04-12
/Users/grace.han/Documents/University/sem2/res/28789946_RESEARCH_NOTEBOOK/autocsp/out/gc__amaze2__2012-04-12.xml
Debut du document
Hop ! Fini !
gc__cargo_coarsePiles__challenge09_1s_18_OPT
/Users/grace.han/Documents/University/sem2/res/28789946_RESEARCH_NOTEBOOK/autocsp/out/gc__cargo_coarsePiles__challenge09_1s_18_OPT.xml
org.xml.sax.SAXParseException; systemId: file:/Users/grace.han/Documents/University/sem2/res/28789946_RESEARCH_NOTEBOOK/autocsp/out/gc__cargo_coarsePiles__challenge09_1s_18_OPT.xml; lineNumber: 1; columnNumber: 1; Premature end of file.
Oups... Le XML n' tait pas bon...
gc__cars__cars_10_93
/Users/grace.han/Documents/University/sem2/res/28789946_RESEARCH_NOTEBOOK/autocsp/out/gc__cars__cars_10_93.xml
org.xml.sax.SAXParseException; systemId: file:/Users/grace.han/Documents/University/sem2/res/28789946_RESEARCH_NOTEBOOK/autocsp/out/gc__cars__cars_10_93.xml; lineNumber: 1; columnNumber: 1; Premature end of file.
Oups... Le XML n' tait pas bon...
gc__cars__cars_16_81
/Users/grace.han/Documents/University/sem2/res/28789946_RESEARCH_NOTEBOOK/autocsp/out/gc__cars__cars_16_81.xml
org.xml.sax.SAXParseException; systemId: file:/Users/grace.han/Documents/University/sem2/res/28789946_RESEARCH_NOTEBOOK/autocsp/out/gc__cars__cars_16_81.xml; lineNumber: 1; columnNumber: 1; Premature end of file.
Oups... Le XML n' tait pas bon...
gc__cars__cars_19_71
/Users/grace.han/Documents/University/sem2/res/28789946_RESEARCH_NOTEBOOK/autocsp/out/gc__cars__cars_19_71.xml
org.xml.sax.SAXParseException; systemId: file:/Users/grace.han/Documents/University/sem2/res/28789946_RESEARCH_NOTEBOOK/autocsp/out/gc__cars__cars_19_71.xml; lineNumber: 1; columnNumber: 1; Premature end of file.
Oups... Le XML n' tait pas bon...
gc__cars__cars_21_90
/Users/grace.han/Documents/University/sem2/res/28789946_RESEARCH_NOTEBOOK/autocsp/out/gc__cars__cars_21_90.xml
org.xml.sax.SAXParseException; systemId: file:/Users/grace.han/Documents/University/sem2/res/28789946_RESEARCH_NOTEBOOK/autocsp/out/gc__cars__cars_21_90.xml; lineNumber: 1; columnNumber: 1; Premature end of file.
Oups... Le XML n' tait pas bon...
gc__cars__cars_36_92
/Users/grace.han/Documents/University/sem2/res/28789946_RESEARCH_NOTEBOOK/autocsp/out/gc__cars__cars_36_92.xml
org.xml.sax.SAXParseException; systemId: file:/Users/grace.han/Documents/University/sem2/res/28789946_RESEARCH_NOTEBOOK/autocsp/out/gc__cars__cars_36_92.xml; lineNumber: 1; columnNumber: 1; Premature end of file.
Oups... Le XML n' tait pas bon...
gc__cars__cars_41_66
/Users/grace.han/Documents/University/sem2/res/28789946_RESEARCH_NOTEBOOK/autocsp/out/gc__cars__cars_41_66.xml
org.xml.sax.SAXParseException; systemId: file:/Users/grace.han/Documents/University/sem2/res/28789946_RESEARCH_NOTEBOOK/autocsp/out/gc__cars__cars_41_66.xml; lineNumber: 1; columnNumber: 1; Premature end of file.
Oups... Le XML n' tait pas bon...
gc__cars__cars_4_72
/Users/grace.han/Documents/University/sem2/res/28789946_RESEARCH_NOTEBOOK/autocsp/out/gc__cars__cars_4_72.xml
org.xml.sax.SAXParseException; systemId: file:/Users/grace.han/Documents/University/sem2/res/28789946_RESEARCH_NOTEBOOK/autocsp/out/gc__cars__cars_4_72.xml; lineNumber: 1; columnNumber: 1; Premature end of file.
Oups... Le XML n' tait pas bon...
gc__cars__cars_60_01
/Users/grace.han/Documents/University/sem2/res/28789946_RESEARCH_NOTEBOOK/autocsp/out/gc__cars__cars_60_01.xml
Debut du document
Hop ! Fini !
gc__cars__cars_60_02
/Users/grace.han/Documents/University/sem2/res/28789946_RESEARCH_NOTEBOOK/autocsp/out/gc__cars__cars_60_02.xml
Debut du document
Hop ! Fini !
gc__cc_base__mzn_rnd_test.01
/Users/grace.han/Documents/University/sem2/res/28789946_RESEARCH_NOTEBOOK/autocsp/out/gc__cc_base__mzn_rnd_test.01.xml
Debut du document
Hop ! Fini !
gc__cc_base__mzn_rnd_test.02
/Users/grace.han/Documents/University/sem2/res/28789946_RESEARCH_NOTEBOOK/autocsp/out/gc__cc_base__mzn_rnd_test.02.xml
Debut du document
Hop ! Fini !
gc__cc_base__mzn_rnd_test.03
/Users/grace.han/Documents/University/sem2/res/28789946_RESEARCH_NOTEBOOK/autocsp/out/gc__cc_base__mzn_rnd_test.03.xml
Debut du document
Hop ! Fini !
gc__cc_base__mzn_rnd_test.04
/Users/grace.han/Documents/University/sem2/res/28789946_RESEARCH_NOTEBOOK/autocsp/out/gc__cc_base__mzn_rnd_test.04.xml
Debut du document
Hop ! Fini !
gc__cc_base__mzn_rnd_test.05
/Users/grace.han/Documents/University/sem2/res/28789946_RESEARCH_NOTEBOOK/autocsp/out/gc__cc_base__mzn_rnd_test.05.xml
Debut du document
Hop ! Fini !
gc__cc_base__mzn_rnd_test.06
/Users/grace.han/Documents/University/sem2/res/28789946_RESEARCH_NOTEBOOK/autocsp/out/gc__cc_base__mzn_rnd_test.06.xml
Debut du document
Hop ! Fini !
gc__cc_base__mzn_rnd_test.07
/Users/grace.han/Documents/University/sem2/res/28789946_RESEARCH_NOTEBOOK/autocsp/out/gc__cc_base__mzn_rnd_test.07.xml
Debut du document
Hop ! Fini !
gc__cc_base__mzn_rnd_test.08
/Users/grace.han/Documents/University/sem2/res/28789946_RESEARCH_NOTEBOOK/autocsp/out/gc__cc_base__mzn_rnd_test.08.xml
Debut du document
Hop ! Fini !
gc__cc_base__mzn_rnd_test.09
/Users/grace.han/Documents/University/sem2/res/28789946_RESEARCH_NOTEBOOK/autocsp/out/gc__cc_base__mzn_rnd_test.09.xml
Debut du document
Hop ! Fini !
gc__cc_base__mzn_rnd_test.10
/Users/grace.han/Documents/University/sem2/res/28789946_RESEARCH_NOTEBOOK/autocsp/out/gc__cc_base__mzn_rnd_test.10.xml
Debut du document
Hop ! Fini !
gc__community-detection__Sampson.s10.k3
/Users/grace.han/Documents/University/sem2/res/28789946_RESEARCH_NOTEBOOK/autocsp/out/gc__community-detection__Sampson.s10.k3.xml
Debut du document
Hop ! Fini !
gc__community-detection__Sampson.s20.k4
/Users/grace.han/Documents/University/sem2/res/28789946_RESEARCH_NOTEBOOK/autocsp/out/gc__community-detection__Sampson.s20.k4.xml
Debut du document
Hop ! Fini !
gc__community-detection__Strike.s2.k8
/Users/grace.han/Documents/University/sem2/res/28789946_RESEARCH_NOTEBOOK/autocsp/out/gc__community-detection__Strike.s2.k8.xml
Debut du document
Hop ! Fini !
gc__community-detection__Strike.s6.k5
/Users/grace.han/Documents/University/sem2/res/28789946_RESEARCH_NOTEBOOK/autocsp/out/gc__community-detection__Strike.s6.k5.xml
Debut du document
Hop ! Fini !
gc__community-detection__mexican.s26.k4
/Users/grace.han/Documents/University/sem2/res/28789946_RESEARCH_NOTEBOOK/autocsp/out/gc__community-detection__mexican.s26.k4.xml
Debut du document
Hop ! Fini !
gc__debruijn_binary__02_07
/Users/grace.han/Documents/University/sem2/res/28789946_RESEARCH_NOTEBOOK/autocsp/out/gc__debruijn_binary__02_07.xml
Debut du document
Hop ! Fini !
gc__debruijn_binary__02_08
/Users/grace.han/Documents/University/sem2/res/28789946_RESEARCH_NOTEBOOK/autocsp/out/gc__debruijn_binary__02_08.xml
Debut du document
Hop ! Fini !
gc__debruijn_binary__02_09
/Users/grace.han/Documents/University/sem2/res/28789946_RESEARCH_NOTEBOOK/autocsp/out/gc__debruijn_binary__02_09.xml
Debut du document
Hop ! Fini !
gc__debruijn_binary__02_10
/Users/grace.han/Documents/University/sem2/res/28789946_RESEARCH_NOTEBOOK/autocsp/out/gc__debruijn_binary__02_10.xml
Debut du document
Hop ! Fini !
gc__debruijn_binary__03_07
/Users/grace.han/Documents/University/sem2/res/28789946_RESEARCH_NOTEBOOK/autocsp/out/gc__debruijn_binary__03_07.xml
org.xml.sax.SAXParseException; systemId: file:/Users/grace.han/Documents/University/sem2/res/28789946_RESEARCH_NOTEBOOK/autocsp/out/gc__debruijn_binary__03_07.xml; lineNumber: 1; columnNumber: 1; Premature end of file.
Oups... Le XML n' tait pas bon...
gc__depot_placement__a280_4
/Users/grace.han/Documents/University/sem2/res/28789946_RESEARCH_NOTEBOOK/autocsp/out/gc__depot_placement__a280_4.xml
Debut du document
Hop ! Fini !
gc__depot_placement__a280_5
/Users/grace.han/Documents/University/sem2/res/28789946_RESEARCH_NOTEBOOK/autocsp/out/gc__depot_placement__a280_5.xml
Debut du document
Hop ! Fini !
gc__depot_placement__a280_6
/Users/grace.han/Documents/University/sem2/res/28789946_RESEARCH_NOTEBOOK/autocsp/out/gc__depot_placement__a280_6.xml
Debut du document
Hop ! Fini !
gc__depot_placement__att48_4
/Users/grace.han/Documents/University/sem2/res/28789946_RESEARCH_NOTEBOOK/autocsp/out/gc__depot_placement__att48_4.xml
org.xml.sax.SAXParseException; systemId: file:/Users/grace.han/Documents/University/sem2/res/28789946_RESEARCH_NOTEBOOK/autocsp/out/gc__depot_placement__att48_4.xml; lineNumber: 1; columnNumber: 1; Premature end of file.
Oups... Le XML n' tait pas bon...
gc__depot_placement__att48_5
/Users/grace.han/Documents/University/sem2/res/28789946_RESEARCH_NOTEBOOK/autocsp/out/gc__depot_placement__att48_5.xml
org.xml.sax.SAXParseException; systemId: file:/Users/grace.han/Documents/University/sem2/res/28789946_RESEARCH_NOTEBOOK/autocsp/out/gc__depot_placement__att48_5.xml; lineNumber: 1; columnNumber: 1; Premature end of file.
Oups... Le XML n' tait pas bon...
gc__depot_placement__rat99_4
/Users/grace.han/Documents/University/sem2/res/28789946_RESEARCH_NOTEBOOK/autocsp/out/gc__depot_placement__rat99_4.xml
Debut du document
Hop ! Fini !
gc__depot_placement__rat99_5
/Users/grace.han/Documents/University/sem2/res/28789946_RESEARCH_NOTEBOOK/autocsp/out/gc__depot_placement__rat99_5.xml
Debut du document
Hop ! Fini !
gc__depot_placement__rat99_6
/Users/grace.han/Documents/University/sem2/res/28789946_RESEARCH_NOTEBOOK/autocsp/out/gc__depot_placement__rat99_6.xml
Debut du document
Hop ! Fini !
gc__depot_placement__st70_4
/Users/grace.han/Documents/University/sem2/res/28789946_RESEARCH_NOTEBOOK/autocsp/out/gc__depot_placement__st70_4.xml
Debut du document
Hop ! Fini !
gc__fastfood__ff10
/Users/grace.han/Documents/University/sem2/res/28789946_RESEARCH_NOTEBOOK/autocsp/out/gc__fastfood__ff10.xml
Debut du document
Hop ! Fini !
gc__fastfood__ff11
/Users/grace.han/Documents/University/sem2/res/28789946_RESEARCH_NOTEBOOK/autocsp/out/gc__fastfood__ff11.xml
Debut du document
Hop ! Fini !
gc__fastfood__ff12
/Users/grace.han/Documents/University/sem2/res/28789946_RESEARCH_NOTEBOOK/autocsp/out/gc__fastfood__ff12.xml
Debut du document
Hop ! Fini !
gc__fastfood__ff13
/Users/grace.han/Documents/University/sem2/res/28789946_RESEARCH_NOTEBOOK/autocsp/out/gc__fastfood__ff13.xml
Debut du document
Hop ! Fini !
gc__fastfood__ff14
/Users/grace.han/Documents/University/sem2/res/28789946_RESEARCH_NOTEBOOK/autocsp/out/gc__fastfood__ff14.xml
Debut du document
Hop ! Fini !
gc__fastfood__ff15
/Users/grace.han/Documents/University/sem2/res/28789946_RESEARCH_NOTEBOOK/autocsp/out/gc__fastfood__ff15.xml
Debut du document
Hop ! Fini !
gc__fastfood__ff16
/Users/grace.han/Documents/University/sem2/res/28789946_RESEARCH_NOTEBOOK/autocsp/out/gc__fastfood__ff16.xml
Debut du document
Hop ! Fini !
gc__fastfood__ff17
/Users/grace.han/Documents/University/sem2/res/28789946_RESEARCH_NOTEBOOK/autocsp/out/gc__fastfood__ff17.xml
Debut du document
Hop ! Fini !
gc__fastfood__ff18
/Users/grace.han/Documents/University/sem2/res/28789946_RESEARCH_NOTEBOOK/autocsp/out/gc__fastfood__ff18.xml
Debut du document
Hop ! Fini !
gc__gfd-schedule2__n180f7d50m30k18
/Users/grace.han/Documents/University/sem2/res/28789946_RESEARCH_NOTEBOOK/autocsp/out/gc__gfd-schedule2__n180f7d50m30k18.xml
org.xml.sax.SAXParseException; systemId: file:/Users/grace.han/Documents/University/sem2/res/28789946_RESEARCH_NOTEBOOK/autocsp/out/gc__gfd-schedule2__n180f7d50m30k18.xml; lineNumber: 1; columnNumber: 1; Premature end of file.
Oups... Le XML n' tait pas bon...
gc__gfd-schedule2__n30f3d30m7k4
/Users/grace.han/Documents/University/sem2/res/28789946_RESEARCH_NOTEBOOK/autocsp/out/gc__gfd-schedule2__n30f3d30m7k4.xml
org.xml.sax.SAXParseException; systemId: file:/Users/grace.han/Documents/University/sem2/res/28789946_RESEARCH_NOTEBOOK/autocsp/out/gc__gfd-schedule2__n30f3d30m7k4.xml; lineNumber: 1; columnNumber: 1; Premature end of file.
Oups... Le XML n' tait pas bon...
gc__gfd-schedule2__n35f5d20m10k3
/Users/grace.han/Documents/University/sem2/res/28789946_RESEARCH_NOTEBOOK/autocsp/out/gc__gfd-schedule2__n35f5d20m10k3.xml
org.xml.sax.SAXParseException; systemId: file:/Users/grace.han/Documents/University/sem2/res/28789946_RESEARCH_NOTEBOOK/autocsp/out/gc__gfd-schedule2__n35f5d20m10k3.xml; lineNumber: 1; columnNumber: 1; Premature end of file.
Oups... Le XML n' tait pas bon...
gc__gfd-schedule2__n50f7d40m10k4
/Users/grace.han/Documents/University/sem2/res/28789946_RESEARCH_NOTEBOOK/autocsp/out/gc__gfd-schedule2__n50f7d40m10k4.xml
org.xml.sax.SAXParseException; systemId: file:/Users/grace.han/Documents/University/sem2/res/28789946_RESEARCH_NOTEBOOK/autocsp/out/gc__gfd-schedule2__n50f7d40m10k4.xml; lineNumber: 1; columnNumber: 1; Premature end of file.
Oups... Le XML n' tait pas bon...
gc__gfd-schedule2__n55f2d50m30k3
/Users/grace.han/Documents/University/sem2/res/28789946_RESEARCH_NOTEBOOK/autocsp/out/gc__gfd-schedule2__n55f2d50m30k3.xml
org.xml.sax.SAXParseException; systemId: file:/Users/grace.han/Documents/University/sem2/res/28789946_RESEARCH_NOTEBOOK/autocsp/out/gc__gfd-schedule2__n55f2d50m30k3.xml; lineNumber: 1; columnNumber: 1; Premature end of file.
Oups... Le XML n' tait pas bon...
gc__gfd-schedule2__n60f7d50m30k10
/Users/grace.han/Documents/University/sem2/res/28789946_RESEARCH_NOTEBOOK/autocsp/out/gc__gfd-schedule2__n60f7d50m30k10.xml
Exception in thread "main" java.lang.OutOfMemoryError: Java heap space
	at maocsp.Handler.<init>(Handler.java:44)
	at maocsp.Main.main(Main.java:155)
gc__gfd-schedule2__n75f5d30m20k20
/Users/grace.han/Documents/University/sem2/res/28789946_RESEARCH_NOTEBOOK/autocsp/out/gc__gfd-schedule2__n75f5d30m20k20.xml
org.xml.sax.SAXParseException; systemId: file:/Users/grace.han/Documents/University/sem2/res/28789946_RESEARCH_NOTEBOOK/autocsp/out/gc__gfd-schedule2__n75f5d30m20k20.xml; lineNumber: 1; columnNumber: 1; Premature end of file.
Oups... Le XML n' tait pas bon...
gc__handball__handball11
/Users/grace.han/Documents/University/sem2/res/28789946_RESEARCH_NOTEBOOK/autocsp/out/gc__handball__handball11.xml
Debut du document
Hop ! Fini !
gc__handball__handball12
/Users/grace.han/Documents/University/sem2/res/28789946_RESEARCH_NOTEBOOK/autocsp/out/gc__handball__handball12.xml
Debut du document
Hop ! Fini !
gc__handball__handball13
/Users/grace.han/Documents/University/sem2/res/28789946_RESEARCH_NOTEBOOK/autocsp/out/gc__handball__handball13.xml
Debut du document
Hop ! Fini !
gc__handball__handball14
/Users/grace.han/Documents/University/sem2/res/28789946_RESEARCH_NOTEBOOK/autocsp/out/gc__handball__handball14.xml
Debut du document
Hop ! Fini !
gc__handball__handball17
/Users/grace.han/Documents/University/sem2/res/28789946_RESEARCH_NOTEBOOK/autocsp/out/gc__handball__handball17.xml
Debut du document
Hop ! Fini !
gc__handball__handball19
/Users/grace.han/Documents/University/sem2/res/28789946_RESEARCH_NOTEBOOK/autocsp/out/gc__handball__handball19.xml
Debut du document
Hop ! Fini !
gc__handball__handball20
/Users/grace.han/Documents/University/sem2/res/28789946_RESEARCH_NOTEBOOK/autocsp/out/gc__handball__handball20.xml
Debut du document
Hop ! Fini !
gc__handball__handball3
/Users/grace.han/Documents/University/sem2/res/28789946_RESEARCH_NOTEBOOK/autocsp/out/gc__handball__handball3.xml
Debut du document
Hop ! Fini !
gc__handball__handball5
/Users/grace.han/Documents/University/sem2/res/28789946_RESEARCH_NOTEBOOK/autocsp/out/gc__handball__handball5.xml
Debut du document
Hop ! Fini !
gc__handball__handball7
/Users/grace.han/Documents/University/sem2/res/28789946_RESEARCH_NOTEBOOK/autocsp/out/gc__handball__handball7.xml
Debut du document
Hop ! Fini !
gc__rcmsp__easy_1
/Users/grace.han/Documents/University/sem2/res/28789946_RESEARCH_NOTEBOOK/autocsp/out/gc__rcmsp__easy_1.xml
Debut du document
Hop ! Fini !
gc__rcmsp__easy_2
/Users/grace.han/Documents/University/sem2/res/28789946_RESEARCH_NOTEBOOK/autocsp/out/gc__rcmsp__easy_2.xml
Debut du document
Hop ! Fini !
gc__rcmsp__easy_3
/Users/grace.han/Documents/University/sem2/res/28789946_RESEARCH_NOTEBOOK/autocsp/out/gc__rcmsp__easy_3.xml
Debut du document
Hop ! Fini !
gc__rcmsp__easy_4
/Users/grace.han/Documents/University/sem2/res/28789946_RESEARCH_NOTEBOOK/autocsp/out/gc__rcmsp__easy_4.xml
Debut du document
Hop ! Fini !
gc__rcmsp__easy_5
/Users/grace.han/Documents/University/sem2/res/28789946_RESEARCH_NOTEBOOK/autocsp/out/gc__rcmsp__easy_5.xml
Debut du document
Hop ! Fini !
gc__rcmsp__easy_6
/Users/grace.han/Documents/University/sem2/res/28789946_RESEARCH_NOTEBOOK/autocsp/out/gc__rcmsp__easy_6.xml
Debut du document
Hop ! Fini !
gc__rcmsp__hard_1
/Users/grace.han/Documents/University/sem2/res/28789946_RESEARCH_NOTEBOOK/autocsp/out/gc__rcmsp__hard_1.xml
Debut du document
Hop ! Fini !
gc__rcmsp__hard_10
/Users/grace.han/Documents/University/sem2/res/28789946_RESEARCH_NOTEBOOK/autocsp/out/gc__rcmsp__hard_10.xml
Debut du document
Hop ! Fini !
gc__rcmsp__hard_11
/Users/grace.han/Documents/University/sem2/res/28789946_RESEARCH_NOTEBOOK/autocsp/out/gc__rcmsp__hard_11.xml
Debut du document
Hop ! Fini !
gc__rcmsp__hard_2
/Users/grace.han/Documents/University/sem2/res/28789946_RESEARCH_NOTEBOOK/autocsp/out/gc__rcmsp__hard_2.xml
Debut du document
Hop ! Fini !
nqueen_8_gecode_firstfail
/Users/grace.han/Documents/University/sem2/res/28789946_RESEARCH_NOTEBOOK/autocsp/out/nqueen_8_gecode_firstfail.xml
Debut du document
Hop ! Fini !
nqueen_8_gecode_inorder
/Users/grace.han/Documents/University/sem2/res/28789946_RESEARCH_NOTEBOOK/autocsp/out/nqueen_8_gecode_inorder.xml
Debut du document
Hop ! Fini !
nqueens_5_gecode_gecode_firstfail
/Users/grace.han/Documents/University/sem2/res/28789946_RESEARCH_NOTEBOOK/autocsp/out/nqueens_5_gecode_gecode_firstfail.xml
Debut du document
Hop ! Fini !
nqueens_5_gecode_gecode_inorder
/Users/grace.han/Documents/University/sem2/res/28789946_RESEARCH_NOTEBOOK/autocsp/out/nqueens_5_gecode_gecode_inorder.xml
Debut du document
Hop ! Fini !
nqueens_5_gecode_stdlib_firstfail
/Users/grace.han/Documents/University/sem2/res/28789946_RESEARCH_NOTEBOOK/autocsp/out/nqueens_5_gecode_stdlib_firstfail.xml
Debut du document
Hop ! Fini !
nqueens_5_gecode_stdlib_inorder
/Users/grace.han/Documents/University/sem2/res/28789946_RESEARCH_NOTEBOOK/autocsp/out/nqueens_5_gecode_stdlib_inorder.xml
Debut du document
Hop ! Fini !
std__alpha
/Users/grace.han/Documents/University/sem2/res/28789946_RESEARCH_NOTEBOOK/autocsp/out/std__alpha.xml
Debut du document
Hop ! Fini !
std__community-detection__mexican.s26.k4
/Users/grace.han/Documents/University/sem2/res/28789946_RESEARCH_NOTEBOOK/autocsp/out/std__community-detection__mexican.s26.k4.xml
Debut du document
Hop ! Fini !
std__cvrp__simple2
/Users/grace.han/Documents/University/sem2/res/28789946_RESEARCH_NOTEBOOK/autocsp/out/std__cvrp__simple2.xml
Debut du document
Hop ! Fini !
sudoku_gecode_gecode_firstfail
/Users/grace.han/Documents/University/sem2/res/28789946_RESEARCH_NOTEBOOK/autocsp/out/sudoku_gecode_gecode_firstfail.xml
Debut du document
Hop ! Fini !
sudoku_gecode_gecode_inorder
/Users/grace.han/Documents/University/sem2/res/28789946_RESEARCH_NOTEBOOK/autocsp/out/sudoku_gecode_gecode_inorder.xml
Debut du document
Hop ! Fini !
sudoku_gecode_stdlib_firstfail
/Users/grace.han/Documents/University/sem2/res/28789946_RESEARCH_NOTEBOOK/autocsp/out/sudoku_gecode_stdlib_firstfail.xml
Debut du document
Hop ! Fini !
sudoku_gecode_stdlib_inorder
/Users/grace.han/Documents/University/sem2/res/28789946_RESEARCH_NOTEBOOK/autocsp/out/sudoku_gecode_stdlib_inorder.xml
org.xml.sax.SAXParseException; systemId: file:/Users/grace.han/Documents/University/sem2/res/28789946_RESEARCH_NOTEBOOK/autocsp/out/sudoku_gecode_stdlib_inorder.xml; lineNumber: 1; columnNumber: 1; Premature end of file.
Oups... Le XML n' tait pas bon...
gc__cars__cars_10_93 timedout
gc__cars__cars_16_81 timedout
gc__cars__cars_19_71 timedout
gc__cars__cars_21_90 timedout
gc__cars__cars_36_92 timedout
gc__cars__cars_41_66 timedout
gc__cars__cars_4_72 timedout
gc__cars__cars_60_01 timedout
gc__cars__cars_60_02 timedout
gc__cc_base__mzn_rnd_test.01 timedout
gc__cc_base__mzn_rnd_test.02 timedout
gc__cc_base__mzn_rnd_test.03 timedout
gc__cc_base__mzn_rnd_test.04 timedout
gc__cc_base__mzn_rnd_test.05 timedout
gc__cc_base__mzn_rnd_test.06 timedout
gc__cc_base__mzn_rnd_test.07 timedout
gc__cc_base__mzn_rnd_test.08 timedout
gc__cc_base__mzn_rnd_test.09 timedout
gc__cc_base__mzn_rnd_test.10 timedout
gc__community-detection__Sampson.s10.k3 timedout
gc__community-detection__Sampson.s20.k4 timedout
gc__community-detection__Strike.s2.k8 timedout
gc__community-detection__Strike.s6.k5 timedout
gc__community-detection__mexican.s26.k4 timedout
gc__debruijn_binary__02_07 timedout
gc__debruijn_binary__02_08 timedout
gc__debruijn_binary__02_09 timedout
gc__debruijn_binary__02_10 timedout
gc__debruijn_binary__03_07 timedout
gc__debruijn_binary__03_08 timedout
gc__debruijn_binary__04_06 timedout
gc__debruijn_binary__04_07 timedout
gc__depot_placement__a280_4 timedout
gc__depot_placement__a280_5 timedout
gc__depot_placement__a280_6 timedout
gc__depot_placement__att48_4 timedout
gc__depot_placement__att48_5 timedout
gc__depot_placement__att48_6 timedout
gc__depot_placement__rat99_4 timedout
gc__depot_placement__rat99_5 timedout
gc__depot_placement__rat99_6 timedout
gc__depot_placement__st70_4 timedout
gc__evilshop__js-brs2-5 timedout
gc__evilshop__js-brs2-6 timedout
gc__evilshop__js-brs2-7 timedout
gc__evilshop__js-ges1-4 timedout
gc__evilshop__js-ges1-5 timedout
gc__evilshop__js-setf1-10 timedout
gc__evilshop__js-setf1-5 timedout
gc__evilshop__js-setf1-7 timedout
gc__evilshop__js-setf1-8 timedout
gc__evilshop__js-setf3-10 timedout
gc__fastfood__ff10 timedout
gc__fastfood__ff11 timedout
gc__fastfood__ff12 timedout
/Users/grace.han/Documents/University/sem2/res/28789946_RESEARCH_NOTEBOOK/autocsp/out/gc__fastfood__ff13.xml
/Users/grace.han/Documents/University/sem2/res/28789946_RESEARCH_NOTEBOOK/autocsp/out/gc__fastfood__ff14.xml
/Users/grace.han/Documents/University/sem2/res/28789946_RESEARCH_NOTEBOOK/autocsp/out/gc__fastfood__ff15.xml
gc__fastfood__ff16 timedout
gc__fastfood__ff17 timedout
gc__fastfood__ff18 timedout
gc__gfd-schedule2__n120f5d50m50k20 timedout
gc__gfd-schedule2__n180f7d50m30k18 timedout
gc__gfd-schedule2__n30f3d30m7k4 timedout
gc__gfd-schedule2__n35f5d20m10k3 timedout
gc__gfd-schedule2__n50f7d40m10k4 timedout
gc__gfd-schedule2__n55f2d50m30k3 timedout
gc__gfd-schedule2__n60f7d50m30k10 timedout
gc__gfd-schedule2__n75f5d30m20k20 timedout
gc__handball__handball11 timedout
gc__handball__handball12 timedout
gc__handball__handball13 timedout
gc__handball__handball14 timedout
gc__handball__handball17 timedout
gc__handball__handball19 timedout
gc__handball__handball20 timedout
gc__handball__handball3 timedout
gc__handball__handball5 timedout
gc__handball__handball7 timedout
gc__rcmsp__easy_1 timedout
gc__rcmsp__easy_2 timedout
gc__rcmsp__easy_3 timedout
gc__rcmsp__easy_4 timedout
gc__rcmsp__easy_5 timedout
gc__rcmsp__easy_6 timedout
gc__rcmsp__hard_1 timedout
gc__rcmsp__hard_10 timedout
gc__rcmsp__hard_11 timedout
gc__rcmsp__hard_2 timedout
/Users/grace.han/Documents/University/sem2/res/28789946_RESEARCH_NOTEBOOK/autocsp/out/std__alpha.xml
std__community-detection__mexican.s26.k4 timedout
std__cvrp__simple2 timedout
sonification in progress!
gc__2DLevelPacking__class_10__Class10_100_1
/Users/grace.han/Documents/University/sem2/res/28789946_RESEARCH_NOTEBOOK/autocsp/out/gc__2DLevelPacking__class_10__Class10_100_1.xml
Exception in thread "main" java.lang.OutOfMemoryError: Java heap space
	at maocsp.Handler.<init>(Handler.java:44)
	at maocsp.Main.main(Main.java:155)
gc__2DLevelPacking__class_10__Class10_100_10
/Users/grace.han/Documents/University/sem2/res/28789946_RESEARCH_NOTEBOOK/autocsp/out/gc__2DLevelPacking__class_10__Class10_100_10.xml
Exception in thread "main" java.lang.OutOfMemoryError: Java heap space
	at maocsp.Handler.<init>(Handler.java:44)
	at maocsp.Main.main(Main.java:155)
gc__2DLevelPacking__class_10__Class10_100_2
/Users/grace.han/Documents/University/sem2/res/28789946_RESEARCH_NOTEBOOK/autocsp/out/gc__2DLevelPacking__class_10__Class10_100_2.xml
Tempo de base ?
bug
Modificateur de tempo ?
bug
Un tempo maximum de 850 pourra etre atteint.
Debut du document
